<?xml version="1.0" encoding="UTF-8"?>
<testsuite xmlns:xsi="http://www.w3.org/2001/XMLSchema-instance" xsi:noNamespaceSchemaLocation="https://maven.apache.org/surefire/maven-surefire-plugin/xsd/surefire-test-report-3.0.xsd" version="3.0" name="com.jianzj.SpringbootTliasApplicationTests" time="0.316" tests="3" errors="1" skipped="0" failures="0">
  <properties>
    <property name="java.specification.version" value="17"/>
    <property name="sun.cpu.isalist" value="amd64"/>
    <property name="sun.jnu.encoding" value="GBK"/>
    <property name="java.class.path" value="E:\Git\demo1\JavaWeb\myweb\springboot-tlias-manager\target\test-classes;E:\Git\demo1\JavaWeb\myweb\springboot-tlias-manager\target\classes;E:\Maven\apache-maven-3.9.6\mvn_repo\org\springframework\boot\spring-boot-starter-web\3.3.1\spring-boot-starter-web-3.3.1.jar;E:\Maven\apache-maven-3.9.6\mvn_repo\org\springframework\boot\spring-boot-starter\3.3.1\spring-boot-starter-3.3.1.jar;E:\Maven\apache-maven-3.9.6\mvn_repo\org\springframework\boot\spring-boot\3.3.1\spring-boot-3.3.1.jar;E:\Maven\apache-maven-3.9.6\mvn_repo\org\springframework\boot\spring-boot-autoconfigure\3.3.1\spring-boot-autoconfigure-3.3.1.jar;E:\Maven\apache-maven-3.9.6\mvn_repo\org\springframework\boot\spring-boot-starter-logging\3.3.1\spring-boot-starter-logging-3.3.1.jar;E:\Maven\apache-maven-3.9.6\mvn_repo\ch\qos\logback\logback-classic\1.5.6\logback-classic-1.5.6.jar;E:\Maven\apache-maven-3.9.6\mvn_repo\ch\qos\logback\logback-core\1.5.6\logback-core-1.5.6.jar;E:\Maven\apache-maven-3.9.6\mvn_repo\org\apache\logging\log4j\log4j-to-slf4j\2.23.1\log4j-to-slf4j-2.23.1.jar;E:\Maven\apache-maven-3.9.6\mvn_repo\org\apache\logging\log4j\log4j-api\2.23.1\log4j-api-2.23.1.jar;E:\Maven\apache-maven-3.9.6\mvn_repo\org\slf4j\jul-to-slf4j\2.0.13\jul-to-slf4j-2.0.13.jar;E:\Maven\apache-maven-3.9.6\mvn_repo\jakarta\annotation\jakarta.annotation-api\2.1.1\jakarta.annotation-api-2.1.1.jar;E:\Maven\apache-maven-3.9.6\mvn_repo\org\yaml\snakeyaml\2.2\snakeyaml-2.2.jar;E:\Maven\apache-maven-3.9.6\mvn_repo\org\springframework\boot\spring-boot-starter-json\3.3.1\spring-boot-starter-json-3.3.1.jar;E:\Maven\apache-maven-3.9.6\mvn_repo\com\fasterxml\jackson\core\jackson-databind\2.17.1\jackson-databind-2.17.1.jar;E:\Maven\apache-maven-3.9.6\mvn_repo\com\fasterxml\jackson\core\jackson-annotations\2.17.1\jackson-annotations-2.17.1.jar;E:\Maven\apache-maven-3.9.6\mvn_repo\com\fasterxml\jackson\core\jackson-core\2.17.1\jackson-core-2.17.1.jar;E:\Maven\apache-maven-3.9.6\mvn_repo\com\fasterxml\jackson\datatype\jackson-datatype-jdk8\2.17.1\jackson-datatype-jdk8-2.17.1.jar;E:\Maven\apache-maven-3.9.6\mvn_repo\com\fasterxml\jackson\datatype\jackson-datatype-jsr310\2.17.1\jackson-datatype-jsr310-2.17.1.jar;E:\Maven\apache-maven-3.9.6\mvn_repo\com\fasterxml\jackson\module\jackson-module-parameter-names\2.17.1\jackson-module-parameter-names-2.17.1.jar;E:\Maven\apache-maven-3.9.6\mvn_repo\org\springframework\boot\spring-boot-starter-tomcat\3.3.1\spring-boot-starter-tomcat-3.3.1.jar;E:\Maven\apache-maven-3.9.6\mvn_repo\org\apache\tomcat\embed\tomcat-embed-core\10.1.25\tomcat-embed-core-10.1.25.jar;E:\Maven\apache-maven-3.9.6\mvn_repo\org\apache\tomcat\embed\tomcat-embed-el\10.1.25\tomcat-embed-el-10.1.25.jar;E:\Maven\apache-maven-3.9.6\mvn_repo\org\apache\tomcat\embed\tomcat-embed-websocket\10.1.25\tomcat-embed-websocket-10.1.25.jar;E:\Maven\apache-maven-3.9.6\mvn_repo\org\springframework\spring-web\6.1.10\spring-web-6.1.10.jar;E:\Maven\apache-maven-3.9.6\mvn_repo\org\springframework\spring-beans\6.1.10\spring-beans-6.1.10.jar;E:\Maven\apache-maven-3.9.6\mvn_repo\io\micrometer\micrometer-observation\1.13.1\micrometer-observation-1.13.1.jar;E:\Maven\apache-maven-3.9.6\mvn_repo\io\micrometer\micrometer-commons\1.13.1\micrometer-commons-1.13.1.jar;E:\Maven\apache-maven-3.9.6\mvn_repo\org\springframework\spring-webmvc\6.1.10\spring-webmvc-6.1.10.jar;E:\Maven\apache-maven-3.9.6\mvn_repo\org\springframework\spring-context\6.1.10\spring-context-6.1.10.jar;E:\Maven\apache-maven-3.9.6\mvn_repo\org\springframework\spring-expression\6.1.10\spring-expression-6.1.10.jar;E:\Maven\apache-maven-3.9.6\mvn_repo\org\mybatis\spring\boot\mybatis-spring-boot-starter\3.0.3\mybatis-spring-boot-starter-3.0.3.jar;E:\Maven\apache-maven-3.9.6\mvn_repo\org\springframework\boot\spring-boot-starter-jdbc\3.3.1\spring-boot-starter-jdbc-3.3.1.jar;E:\Maven\apache-maven-3.9.6\mvn_repo\com\zaxxer\HikariCP\5.1.0\HikariCP-5.1.0.jar;E:\Maven\apache-maven-3.9.6\mvn_repo\org\springframework\spring-jdbc\6.1.10\spring-jdbc-6.1.10.jar;E:\Maven\apache-maven-3.9.6\mvn_repo\org\mybatis\spring\boot\mybatis-spring-boot-autoconfigure\3.0.3\mybatis-spring-boot-autoconfigure-3.0.3.jar;E:\Maven\apache-maven-3.9.6\mvn_repo\org\mybatis\mybatis\3.5.14\mybatis-3.5.14.jar;E:\Maven\apache-maven-3.9.6\mvn_repo\org\mybatis\mybatis-spring\3.0.3\mybatis-spring-3.0.3.jar;E:\Maven\apache-maven-3.9.6\mvn_repo\com\mysql\mysql-connector-j\8.3.0\mysql-connector-j-8.3.0.jar;E:\Maven\apache-maven-3.9.6\mvn_repo\org\projectlombok\lombok\1.18.32\lombok-1.18.32.jar;E:\Maven\apache-maven-3.9.6\mvn_repo\org\springframework\boot\spring-boot-starter-test\3.3.1\spring-boot-starter-test-3.3.1.jar;E:\Maven\apache-maven-3.9.6\mvn_repo\org\springframework\boot\spring-boot-test\3.3.1\spring-boot-test-3.3.1.jar;E:\Maven\apache-maven-3.9.6\mvn_repo\org\springframework\boot\spring-boot-test-autoconfigure\3.3.1\spring-boot-test-autoconfigure-3.3.1.jar;E:\Maven\apache-maven-3.9.6\mvn_repo\com\jayway\jsonpath\json-path\2.9.0\json-path-2.9.0.jar;E:\Maven\apache-maven-3.9.6\mvn_repo\org\slf4j\slf4j-api\2.0.13\slf4j-api-2.0.13.jar;E:\Maven\apache-maven-3.9.6\mvn_repo\jakarta\xml\bind\jakarta.xml.bind-api\4.0.2\jakarta.xml.bind-api-4.0.2.jar;E:\Maven\apache-maven-3.9.6\mvn_repo\jakarta\activation\jakarta.activation-api\2.1.3\jakarta.activation-api-2.1.3.jar;E:\Maven\apache-maven-3.9.6\mvn_repo\net\minidev\json-smart\2.5.1\json-smart-2.5.1.jar;E:\Maven\apache-maven-3.9.6\mvn_repo\net\minidev\accessors-smart\2.5.1\accessors-smart-2.5.1.jar;E:\Maven\apache-maven-3.9.6\mvn_repo\org\ow2\asm\asm\9.6\asm-9.6.jar;E:\Maven\apache-maven-3.9.6\mvn_repo\org\assertj\assertj-core\3.25.3\assertj-core-3.25.3.jar;E:\Maven\apache-maven-3.9.6\mvn_repo\net\bytebuddy\byte-buddy\1.14.17\byte-buddy-1.14.17.jar;E:\Maven\apache-maven-3.9.6\mvn_repo\org\awaitility\awaitility\4.2.1\awaitility-4.2.1.jar;E:\Maven\apache-maven-3.9.6\mvn_repo\org\hamcrest\hamcrest\2.2\hamcrest-2.2.jar;E:\Maven\apache-maven-3.9.6\mvn_repo\org\junit\jupiter\junit-jupiter\5.10.2\junit-jupiter-5.10.2.jar;E:\Maven\apache-maven-3.9.6\mvn_repo\org\junit\jupiter\junit-jupiter-api\5.10.2\junit-jupiter-api-5.10.2.jar;E:\Maven\apache-maven-3.9.6\mvn_repo\org\opentest4j\opentest4j\1.3.0\opentest4j-1.3.0.jar;E:\Maven\apache-maven-3.9.6\mvn_repo\org\junit\platform\junit-platform-commons\1.10.2\junit-platform-commons-1.10.2.jar;E:\Maven\apache-maven-3.9.6\mvn_repo\org\apiguardian\apiguardian-api\1.1.2\apiguardian-api-1.1.2.jar;E:\Maven\apache-maven-3.9.6\mvn_repo\org\junit\jupiter\junit-jupiter-params\5.10.2\junit-jupiter-params-5.10.2.jar;E:\Maven\apache-maven-3.9.6\mvn_repo\org\junit\jupiter\junit-jupiter-engine\5.10.2\junit-jupiter-engine-5.10.2.jar;E:\Maven\apache-maven-3.9.6\mvn_repo\org\junit\platform\junit-platform-engine\1.10.2\junit-platform-engine-1.10.2.jar;E:\Maven\apache-maven-3.9.6\mvn_repo\org\mockito\mockito-core\5.11.0\mockito-core-5.11.0.jar;E:\Maven\apache-maven-3.9.6\mvn_repo\net\bytebuddy\byte-buddy-agent\1.14.17\byte-buddy-agent-1.14.17.jar;E:\Maven\apache-maven-3.9.6\mvn_repo\org\objenesis\objenesis\3.3\objenesis-3.3.jar;E:\Maven\apache-maven-3.9.6\mvn_repo\org\mockito\mockito-junit-jupiter\5.11.0\mockito-junit-jupiter-5.11.0.jar;E:\Maven\apache-maven-3.9.6\mvn_repo\org\skyscreamer\jsonassert\1.5.1\jsonassert-1.5.1.jar;E:\Maven\apache-maven-3.9.6\mvn_repo\com\vaadin\external\google\android-json\0.0.20131108.vaadin1\android-json-0.0.20131108.vaadin1.jar;E:\Maven\apache-maven-3.9.6\mvn_repo\org\springframework\spring-core\6.1.10\spring-core-6.1.10.jar;E:\Maven\apache-maven-3.9.6\mvn_repo\org\springframework\spring-jcl\6.1.10\spring-jcl-6.1.10.jar;E:\Maven\apache-maven-3.9.6\mvn_repo\org\springframework\spring-test\6.1.10\spring-test-6.1.10.jar;E:\Maven\apache-maven-3.9.6\mvn_repo\org\xmlunit\xmlunit-core\2.9.1\xmlunit-core-2.9.1.jar;E:\Maven\apache-maven-3.9.6\mvn_repo\org\mybatis\spring\boot\mybatis-spring-boot-starter-test\3.0.3\mybatis-spring-boot-starter-test-3.0.3.jar;E:\Maven\apache-maven-3.9.6\mvn_repo\org\mybatis\spring\boot\mybatis-spring-boot-test-autoconfigure\3.0.3\mybatis-spring-boot-test-autoconfigure-3.0.3.jar;E:\Maven\apache-maven-3.9.6\mvn_repo\org\springframework\spring-tx\6.1.10\spring-tx-6.1.10.jar;E:\Maven\apache-maven-3.9.6\mvn_repo\com\github\pagehelper\pagehelper-spring-boot-starter\1.4.6\pagehelper-spring-boot-starter-1.4.6.jar;E:\Maven\apache-maven-3.9.6\mvn_repo\com\github\pagehelper\pagehelper-spring-boot-autoconfigure\1.4.6\pagehelper-spring-boot-autoconfigure-1.4.6.jar;E:\Maven\apache-maven-3.9.6\mvn_repo\com\github\pagehelper\pagehelper\5.3.2\pagehelper-5.3.2.jar;E:\Maven\apache-maven-3.9.6\mvn_repo\com\github\jsqlparser\jsqlparser\4.5\jsqlparser-4.5.jar;E:\Maven\apache-maven-3.9.6\mvn_repo\com\alibaba\fastjson2\fastjson2\2.0.36\fastjson2-2.0.36.jar;E:\Maven\apache-maven-3.9.6\mvn_repo\org\springframework\boot\spring-boot-starter-aop\3.3.1\spring-boot-starter-aop-3.3.1.jar;E:\Maven\apache-maven-3.9.6\mvn_repo\org\springframework\spring-aop\6.1.10\spring-aop-6.1.10.jar;E:\Maven\apache-maven-3.9.6\mvn_repo\org\aspectj\aspectjweaver\1.9.22\aspectjweaver-1.9.22.jar;E:\Git\demo1\JavaWeb\myweb\springboot-tlias-pojo\target\springboot-tlias-pojo-1.0-SNAPSHOT.jar;E:\Git\demo1\JavaWeb\myweb\springboot-tlias-utils\target\springboot-tlias-utils-1.0-SNAPSHOT.jar;E:\Maven\apache-maven-3.9.6\mvn_repo\io\jsonwebtoken\jjwt\0.12.3\jjwt-0.12.3.jar;E:\Maven\apache-maven-3.9.6\mvn_repo\io\jsonwebtoken\jjwt-api\0.12.3\jjwt-api-0.12.3.jar;E:\Maven\apache-maven-3.9.6\mvn_repo\io\jsonwebtoken\jjwt-impl\0.12.3\jjwt-impl-0.12.3.jar;E:\Maven\apache-maven-3.9.6\mvn_repo\io\jsonwebtoken\jjwt-jackson\0.12.3\jjwt-jackson-0.12.3.jar;E:\Maven\apache-maven-3.9.6\mvn_repo\com\aliyun\oss\aliyun-sdk-oss\3.17.4\aliyun-sdk-oss-3.17.4.jar;E:\Maven\apache-maven-3.9.6\mvn_repo\org\apache\httpcomponents\httpclient\4.5.13\httpclient-4.5.13.jar;E:\Maven\apache-maven-3.9.6\mvn_repo\org\apache\httpcomponents\httpcore\4.4.16\httpcore-4.4.16.jar;E:\Maven\apache-maven-3.9.6\mvn_repo\commons-logging\commons-logging\1.2\commons-logging-1.2.jar;E:\Maven\apache-maven-3.9.6\mvn_repo\commons-codec\commons-codec\1.16.1\commons-codec-1.16.1.jar;E:\Maven\apache-maven-3.9.6\mvn_repo\org\jdom\jdom2\2.0.6.1\jdom2-2.0.6.1.jar;E:\Maven\apache-maven-3.9.6\mvn_repo\org\codehaus\jettison\jettison\1.5.4\jettison-1.5.4.jar;E:\Maven\apache-maven-3.9.6\mvn_repo\com\aliyun\aliyun-java-sdk-core\4.5.10\aliyun-java-sdk-core-4.5.10.jar;E:\Maven\apache-maven-3.9.6\mvn_repo\com\google\code\gson\gson\2.10.1\gson-2.10.1.jar;E:\Maven\apache-maven-3.9.6\mvn_repo\org\jacoco\org.jacoco.agent\0.8.5\org.jacoco.agent-0.8.5-runtime.jar;E:\Maven\apache-maven-3.9.6\mvn_repo\org\ini4j\ini4j\0.5.4\ini4j-0.5.4.jar;E:\Maven\apache-maven-3.9.6\mvn_repo\io\opentracing\opentracing-api\0.33.0\opentracing-api-0.33.0.jar;E:\Maven\apache-maven-3.9.6\mvn_repo\io\opentracing\opentracing-util\0.33.0\opentracing-util-0.33.0.jar;E:\Maven\apache-maven-3.9.6\mvn_repo\io\opentracing\opentracing-noop\0.33.0\opentracing-noop-0.33.0.jar;E:\Maven\apache-maven-3.9.6\mvn_repo\com\aliyun\aliyun-java-sdk-ram\3.1.0\aliyun-java-sdk-ram-3.1.0.jar;E:\Maven\apache-maven-3.9.6\mvn_repo\com\aliyun\aliyun-java-sdk-kms\2.11.0\aliyun-java-sdk-kms-2.11.0.jar;E:\Maven\apache-maven-3.9.6\mvn_repo\javax\xml\bind\jaxb-api\2.3.1\jaxb-api-2.3.1.jar;E:\Maven\apache-maven-3.9.6\mvn_repo\javax\activation\javax.activation-api\1.2.0\javax.activation-api-1.2.0.jar;E:\Maven\apache-maven-3.9.6\mvn_repo\javax\activation\activation\1.1.1\activation-1.1.1.jar;E:\Maven\apache-maven-3.9.6\mvn_repo\org\glassfish\jaxb\jaxb-runtime\2.3.3\jaxb-runtime-2.3.3.jar;E:\Maven\apache-maven-3.9.6\mvn_repo\org\glassfish\jaxb\txw2\4.0.5\txw2-4.0.5.jar;E:\Maven\apache-maven-3.9.6\mvn_repo\com\sun\istack\istack-commons-runtime\4.1.2\istack-commons-runtime-4.1.2.jar;E:\Maven\apache-maven-3.9.6\mvn_repo\com\sun\activation\jakarta.activation\1.2.2\jakarta.activation-1.2.2.jar;"/>
    <property name="java.vm.vendor" value="Oracle Corporation"/>
    <property name="sun.arch.data.model" value="64"/>
    <property name="user.variant" value=""/>
    <property name="java.vendor.url" value="https://java.oracle.com/"/>
    <property name="user.timezone" value="Asia/Shanghai"/>
    <property name="os.name" value="Windows 11"/>
    <property name="java.vm.specification.version" value="17"/>
    <property name="sun.java.launcher" value="SUN_STANDARD"/>
    <property name="user.country" value="CN"/>
    <property name="sun.boot.library.path" value="C:\Program Files\Java\jdk-17\bin"/>
    <property name="sun.java.command" value="C:\Users\22798\AppData\Local\Temp\surefire18007596792150601943\surefirebooter-20240716021712490_3.jar C:\Users\22798\AppData\Local\Temp\surefire18007596792150601943 2024-07-16T02-17-01_935-jvmRun1 surefire-20240716021712490_1tmp surefire_0-20240716021712490_2tmp"/>
    <property name="jdk.debug" value="release"/>
    <property name="surefire.test.class.path" value="E:\Git\demo1\JavaWeb\myweb\springboot-tlias-manager\target\test-classes;E:\Git\demo1\JavaWeb\myweb\springboot-tlias-manager\target\classes;E:\Maven\apache-maven-3.9.6\mvn_repo\org\springframework\boot\spring-boot-starter-web\3.3.1\spring-boot-starter-web-3.3.1.jar;E:\Maven\apache-maven-3.9.6\mvn_repo\org\springframework\boot\spring-boot-starter\3.3.1\spring-boot-starter-3.3.1.jar;E:\Maven\apache-maven-3.9.6\mvn_repo\org\springframework\boot\spring-boot\3.3.1\spring-boot-3.3.1.jar;E:\Maven\apache-maven-3.9.6\mvn_repo\org\springframework\boot\spring-boot-autoconfigure\3.3.1\spring-boot-autoconfigure-3.3.1.jar;E:\Maven\apache-maven-3.9.6\mvn_repo\org\springframework\boot\spring-boot-starter-logging\3.3.1\spring-boot-starter-logging-3.3.1.jar;E:\Maven\apache-maven-3.9.6\mvn_repo\ch\qos\logback\logback-classic\1.5.6\logback-classic-1.5.6.jar;E:\Maven\apache-maven-3.9.6\mvn_repo\ch\qos\logback\logback-core\1.5.6\logback-core-1.5.6.jar;E:\Maven\apache-maven-3.9.6\mvn_repo\org\apache\logging\log4j\log4j-to-slf4j\2.23.1\log4j-to-slf4j-2.23.1.jar;E:\Maven\apache-maven-3.9.6\mvn_repo\org\apache\logging\log4j\log4j-api\2.23.1\log4j-api-2.23.1.jar;E:\Maven\apache-maven-3.9.6\mvn_repo\org\slf4j\jul-to-slf4j\2.0.13\jul-to-slf4j-2.0.13.jar;E:\Maven\apache-maven-3.9.6\mvn_repo\jakarta\annotation\jakarta.annotation-api\2.1.1\jakarta.annotation-api-2.1.1.jar;E:\Maven\apache-maven-3.9.6\mvn_repo\org\yaml\snakeyaml\2.2\snakeyaml-2.2.jar;E:\Maven\apache-maven-3.9.6\mvn_repo\org\springframework\boot\spring-boot-starter-json\3.3.1\spring-boot-starter-json-3.3.1.jar;E:\Maven\apache-maven-3.9.6\mvn_repo\com\fasterxml\jackson\core\jackson-databind\2.17.1\jackson-databind-2.17.1.jar;E:\Maven\apache-maven-3.9.6\mvn_repo\com\fasterxml\jackson\core\jackson-annotations\2.17.1\jackson-annotations-2.17.1.jar;E:\Maven\apache-maven-3.9.6\mvn_repo\com\fasterxml\jackson\core\jackson-core\2.17.1\jackson-core-2.17.1.jar;E:\Maven\apache-maven-3.9.6\mvn_repo\com\fasterxml\jackson\datatype\jackson-datatype-jdk8\2.17.1\jackson-datatype-jdk8-2.17.1.jar;E:\Maven\apache-maven-3.9.6\mvn_repo\com\fasterxml\jackson\datatype\jackson-datatype-jsr310\2.17.1\jackson-datatype-jsr310-2.17.1.jar;E:\Maven\apache-maven-3.9.6\mvn_repo\com\fasterxml\jackson\module\jackson-module-parameter-names\2.17.1\jackson-module-parameter-names-2.17.1.jar;E:\Maven\apache-maven-3.9.6\mvn_repo\org\springframework\boot\spring-boot-starter-tomcat\3.3.1\spring-boot-starter-tomcat-3.3.1.jar;E:\Maven\apache-maven-3.9.6\mvn_repo\org\apache\tomcat\embed\tomcat-embed-core\10.1.25\tomcat-embed-core-10.1.25.jar;E:\Maven\apache-maven-3.9.6\mvn_repo\org\apache\tomcat\embed\tomcat-embed-el\10.1.25\tomcat-embed-el-10.1.25.jar;E:\Maven\apache-maven-3.9.6\mvn_repo\org\apache\tomcat\embed\tomcat-embed-websocket\10.1.25\tomcat-embed-websocket-10.1.25.jar;E:\Maven\apache-maven-3.9.6\mvn_repo\org\springframework\spring-web\6.1.10\spring-web-6.1.10.jar;E:\Maven\apache-maven-3.9.6\mvn_repo\org\springframework\spring-beans\6.1.10\spring-beans-6.1.10.jar;E:\Maven\apache-maven-3.9.6\mvn_repo\io\micrometer\micrometer-observation\1.13.1\micrometer-observation-1.13.1.jar;E:\Maven\apache-maven-3.9.6\mvn_repo\io\micrometer\micrometer-commons\1.13.1\micrometer-commons-1.13.1.jar;E:\Maven\apache-maven-3.9.6\mvn_repo\org\springframework\spring-webmvc\6.1.10\spring-webmvc-6.1.10.jar;E:\Maven\apache-maven-3.9.6\mvn_repo\org\springframework\spring-context\6.1.10\spring-context-6.1.10.jar;E:\Maven\apache-maven-3.9.6\mvn_repo\org\springframework\spring-expression\6.1.10\spring-expression-6.1.10.jar;E:\Maven\apache-maven-3.9.6\mvn_repo\org\mybatis\spring\boot\mybatis-spring-boot-starter\3.0.3\mybatis-spring-boot-starter-3.0.3.jar;E:\Maven\apache-maven-3.9.6\mvn_repo\org\springframework\boot\spring-boot-starter-jdbc\3.3.1\spring-boot-starter-jdbc-3.3.1.jar;E:\Maven\apache-maven-3.9.6\mvn_repo\com\zaxxer\HikariCP\5.1.0\HikariCP-5.1.0.jar;E:\Maven\apache-maven-3.9.6\mvn_repo\org\springframework\spring-jdbc\6.1.10\spring-jdbc-6.1.10.jar;E:\Maven\apache-maven-3.9.6\mvn_repo\org\mybatis\spring\boot\mybatis-spring-boot-autoconfigure\3.0.3\mybatis-spring-boot-autoconfigure-3.0.3.jar;E:\Maven\apache-maven-3.9.6\mvn_repo\org\mybatis\mybatis\3.5.14\mybatis-3.5.14.jar;E:\Maven\apache-maven-3.9.6\mvn_repo\org\mybatis\mybatis-spring\3.0.3\mybatis-spring-3.0.3.jar;E:\Maven\apache-maven-3.9.6\mvn_repo\com\mysql\mysql-connector-j\8.3.0\mysql-connector-j-8.3.0.jar;E:\Maven\apache-maven-3.9.6\mvn_repo\org\projectlombok\lombok\1.18.32\lombok-1.18.32.jar;E:\Maven\apache-maven-3.9.6\mvn_repo\org\springframework\boot\spring-boot-starter-test\3.3.1\spring-boot-starter-test-3.3.1.jar;E:\Maven\apache-maven-3.9.6\mvn_repo\org\springframework\boot\spring-boot-test\3.3.1\spring-boot-test-3.3.1.jar;E:\Maven\apache-maven-3.9.6\mvn_repo\org\springframework\boot\spring-boot-test-autoconfigure\3.3.1\spring-boot-test-autoconfigure-3.3.1.jar;E:\Maven\apache-maven-3.9.6\mvn_repo\com\jayway\jsonpath\json-path\2.9.0\json-path-2.9.0.jar;E:\Maven\apache-maven-3.9.6\mvn_repo\org\slf4j\slf4j-api\2.0.13\slf4j-api-2.0.13.jar;E:\Maven\apache-maven-3.9.6\mvn_repo\jakarta\xml\bind\jakarta.xml.bind-api\4.0.2\jakarta.xml.bind-api-4.0.2.jar;E:\Maven\apache-maven-3.9.6\mvn_repo\jakarta\activation\jakarta.activation-api\2.1.3\jakarta.activation-api-2.1.3.jar;E:\Maven\apache-maven-3.9.6\mvn_repo\net\minidev\json-smart\2.5.1\json-smart-2.5.1.jar;E:\Maven\apache-maven-3.9.6\mvn_repo\net\minidev\accessors-smart\2.5.1\accessors-smart-2.5.1.jar;E:\Maven\apache-maven-3.9.6\mvn_repo\org\ow2\asm\asm\9.6\asm-9.6.jar;E:\Maven\apache-maven-3.9.6\mvn_repo\org\assertj\assertj-core\3.25.3\assertj-core-3.25.3.jar;E:\Maven\apache-maven-3.9.6\mvn_repo\net\bytebuddy\byte-buddy\1.14.17\byte-buddy-1.14.17.jar;E:\Maven\apache-maven-3.9.6\mvn_repo\org\awaitility\awaitility\4.2.1\awaitility-4.2.1.jar;E:\Maven\apache-maven-3.9.6\mvn_repo\org\hamcrest\hamcrest\2.2\hamcrest-2.2.jar;E:\Maven\apache-maven-3.9.6\mvn_repo\org\junit\jupiter\junit-jupiter\5.10.2\junit-jupiter-5.10.2.jar;E:\Maven\apache-maven-3.9.6\mvn_repo\org\junit\jupiter\junit-jupiter-api\5.10.2\junit-jupiter-api-5.10.2.jar;E:\Maven\apache-maven-3.9.6\mvn_repo\org\opentest4j\opentest4j\1.3.0\opentest4j-1.3.0.jar;E:\Maven\apache-maven-3.9.6\mvn_repo\org\junit\platform\junit-platform-commons\1.10.2\junit-platform-commons-1.10.2.jar;E:\Maven\apache-maven-3.9.6\mvn_repo\org\apiguardian\apiguardian-api\1.1.2\apiguardian-api-1.1.2.jar;E:\Maven\apache-maven-3.9.6\mvn_repo\org\junit\jupiter\junit-jupiter-params\5.10.2\junit-jupiter-params-5.10.2.jar;E:\Maven\apache-maven-3.9.6\mvn_repo\org\junit\jupiter\junit-jupiter-engine\5.10.2\junit-jupiter-engine-5.10.2.jar;E:\Maven\apache-maven-3.9.6\mvn_repo\org\junit\platform\junit-platform-engine\1.10.2\junit-platform-engine-1.10.2.jar;E:\Maven\apache-maven-3.9.6\mvn_repo\org\mockito\mockito-core\5.11.0\mockito-core-5.11.0.jar;E:\Maven\apache-maven-3.9.6\mvn_repo\net\bytebuddy\byte-buddy-agent\1.14.17\byte-buddy-agent-1.14.17.jar;E:\Maven\apache-maven-3.9.6\mvn_repo\org\objenesis\objenesis\3.3\objenesis-3.3.jar;E:\Maven\apache-maven-3.9.6\mvn_repo\org\mockito\mockito-junit-jupiter\5.11.0\mockito-junit-jupiter-5.11.0.jar;E:\Maven\apache-maven-3.9.6\mvn_repo\org\skyscreamer\jsonassert\1.5.1\jsonassert-1.5.1.jar;E:\Maven\apache-maven-3.9.6\mvn_repo\com\vaadin\external\google\android-json\0.0.20131108.vaadin1\android-json-0.0.20131108.vaadin1.jar;E:\Maven\apache-maven-3.9.6\mvn_repo\org\springframework\spring-core\6.1.10\spring-core-6.1.10.jar;E:\Maven\apache-maven-3.9.6\mvn_repo\org\springframework\spring-jcl\6.1.10\spring-jcl-6.1.10.jar;E:\Maven\apache-maven-3.9.6\mvn_repo\org\springframework\spring-test\6.1.10\spring-test-6.1.10.jar;E:\Maven\apache-maven-3.9.6\mvn_repo\org\xmlunit\xmlunit-core\2.9.1\xmlunit-core-2.9.1.jar;E:\Maven\apache-maven-3.9.6\mvn_repo\org\mybatis\spring\boot\mybatis-spring-boot-starter-test\3.0.3\mybatis-spring-boot-starter-test-3.0.3.jar;E:\Maven\apache-maven-3.9.6\mvn_repo\org\mybatis\spring\boot\mybatis-spring-boot-test-autoconfigure\3.0.3\mybatis-spring-boot-test-autoconfigure-3.0.3.jar;E:\Maven\apache-maven-3.9.6\mvn_repo\org\springframework\spring-tx\6.1.10\spring-tx-6.1.10.jar;E:\Maven\apache-maven-3.9.6\mvn_repo\com\github\pagehelper\pagehelper-spring-boot-starter\1.4.6\pagehelper-spring-boot-starter-1.4.6.jar;E:\Maven\apache-maven-3.9.6\mvn_repo\com\github\pagehelper\pagehelper-spring-boot-autoconfigure\1.4.6\pagehelper-spring-boot-autoconfigure-1.4.6.jar;E:\Maven\apache-maven-3.9.6\mvn_repo\com\github\pagehelper\pagehelper\5.3.2\pagehelper-5.3.2.jar;E:\Maven\apache-maven-3.9.6\mvn_repo\com\github\jsqlparser\jsqlparser\4.5\jsqlparser-4.5.jar;E:\Maven\apache-maven-3.9.6\mvn_repo\com\alibaba\fastjson2\fastjson2\2.0.36\fastjson2-2.0.36.jar;E:\Maven\apache-maven-3.9.6\mvn_repo\org\springframework\boot\spring-boot-starter-aop\3.3.1\spring-boot-starter-aop-3.3.1.jar;E:\Maven\apache-maven-3.9.6\mvn_repo\org\springframework\spring-aop\6.1.10\spring-aop-6.1.10.jar;E:\Maven\apache-maven-3.9.6\mvn_repo\org\aspectj\aspectjweaver\1.9.22\aspectjweaver-1.9.22.jar;E:\Git\demo1\JavaWeb\myweb\springboot-tlias-pojo\target\springboot-tlias-pojo-1.0-SNAPSHOT.jar;E:\Git\demo1\JavaWeb\myweb\springboot-tlias-utils\target\springboot-tlias-utils-1.0-SNAPSHOT.jar;E:\Maven\apache-maven-3.9.6\mvn_repo\io\jsonwebtoken\jjwt\0.12.3\jjwt-0.12.3.jar;E:\Maven\apache-maven-3.9.6\mvn_repo\io\jsonwebtoken\jjwt-api\0.12.3\jjwt-api-0.12.3.jar;E:\Maven\apache-maven-3.9.6\mvn_repo\io\jsonwebtoken\jjwt-impl\0.12.3\jjwt-impl-0.12.3.jar;E:\Maven\apache-maven-3.9.6\mvn_repo\io\jsonwebtoken\jjwt-jackson\0.12.3\jjwt-jackson-0.12.3.jar;E:\Maven\apache-maven-3.9.6\mvn_repo\com\aliyun\oss\aliyun-sdk-oss\3.17.4\aliyun-sdk-oss-3.17.4.jar;E:\Maven\apache-maven-3.9.6\mvn_repo\org\apache\httpcomponents\httpclient\4.5.13\httpclient-4.5.13.jar;E:\Maven\apache-maven-3.9.6\mvn_repo\org\apache\httpcomponents\httpcore\4.4.16\httpcore-4.4.16.jar;E:\Maven\apache-maven-3.9.6\mvn_repo\commons-logging\commons-logging\1.2\commons-logging-1.2.jar;E:\Maven\apache-maven-3.9.6\mvn_repo\commons-codec\commons-codec\1.16.1\commons-codec-1.16.1.jar;E:\Maven\apache-maven-3.9.6\mvn_repo\org\jdom\jdom2\2.0.6.1\jdom2-2.0.6.1.jar;E:\Maven\apache-maven-3.9.6\mvn_repo\org\codehaus\jettison\jettison\1.5.4\jettison-1.5.4.jar;E:\Maven\apache-maven-3.9.6\mvn_repo\com\aliyun\aliyun-java-sdk-core\4.5.10\aliyun-java-sdk-core-4.5.10.jar;E:\Maven\apache-maven-3.9.6\mvn_repo\com\google\code\gson\gson\2.10.1\gson-2.10.1.jar;E:\Maven\apache-maven-3.9.6\mvn_repo\org\jacoco\org.jacoco.agent\0.8.5\org.jacoco.agent-0.8.5-runtime.jar;E:\Maven\apache-maven-3.9.6\mvn_repo\org\ini4j\ini4j\0.5.4\ini4j-0.5.4.jar;E:\Maven\apache-maven-3.9.6\mvn_repo\io\opentracing\opentracing-api\0.33.0\opentracing-api-0.33.0.jar;E:\Maven\apache-maven-3.9.6\mvn_repo\io\opentracing\opentracing-util\0.33.0\opentracing-util-0.33.0.jar;E:\Maven\apache-maven-3.9.6\mvn_repo\io\opentracing\opentracing-noop\0.33.0\opentracing-noop-0.33.0.jar;E:\Maven\apache-maven-3.9.6\mvn_repo\com\aliyun\aliyun-java-sdk-ram\3.1.0\aliyun-java-sdk-ram-3.1.0.jar;E:\Maven\apache-maven-3.9.6\mvn_repo\com\aliyun\aliyun-java-sdk-kms\2.11.0\aliyun-java-sdk-kms-2.11.0.jar;E:\Maven\apache-maven-3.9.6\mvn_repo\javax\xml\bind\jaxb-api\2.3.1\jaxb-api-2.3.1.jar;E:\Maven\apache-maven-3.9.6\mvn_repo\javax\activation\javax.activation-api\1.2.0\javax.activation-api-1.2.0.jar;E:\Maven\apache-maven-3.9.6\mvn_repo\javax\activation\activation\1.1.1\activation-1.1.1.jar;E:\Maven\apache-maven-3.9.6\mvn_repo\org\glassfish\jaxb\jaxb-runtime\2.3.3\jaxb-runtime-2.3.3.jar;E:\Maven\apache-maven-3.9.6\mvn_repo\org\glassfish\jaxb\txw2\4.0.5\txw2-4.0.5.jar;E:\Maven\apache-maven-3.9.6\mvn_repo\com\sun\istack\istack-commons-runtime\4.1.2\istack-commons-runtime-4.1.2.jar;E:\Maven\apache-maven-3.9.6\mvn_repo\com\sun\activation\jakarta.activation\1.2.2\jakarta.activation-1.2.2.jar;"/>
    <property name="sun.cpu.endian" value="little"/>
    <property name="user.home" value="C:\Users\22798"/>
    <property name="user.language" value="zh"/>
    <property name="java.specification.vendor" value="Oracle Corporation"/>
    <property name="java.version.date" value="2023-10-17"/>
    <property name="java.home" value="C:\Program Files\Java\jdk-17"/>
    <property name="file.separator" value="\"/>
    <property name="basedir" value="E:\Git\demo1\JavaWeb\myweb\springboot-tlias-manager"/>
    <property name="java.vm.compressedOopsMode" value="Zero based"/>
    <property name="line.separator" value="&#10;"/>
    <property name="java.vm.specification.vendor" value="Oracle Corporation"/>
    <property name="java.specification.name" value="Java Platform API Specification"/>
    <property name="surefire.real.class.path" value="C:\Users\22798\AppData\Local\Temp\surefire18007596792150601943\surefirebooter-20240716021712490_3.jar"/>
    <property name="user.script" value=""/>
    <property name="sun.management.compiler" value="HotSpot 64-Bit Tiered Compilers"/>
    <property name="java.runtime.version" value="17.0.9+11-LTS-201"/>
    <property name="user.name" value="22798"/>
    <property name="path.separator" value=";"/>
    <property name="os.version" value="10.0"/>
    <property name="java.runtime.name" value="Java(TM) SE Runtime Environment"/>
    <property name="file.encoding" value="GBK"/>
    <property name="java.vm.name" value="Java HotSpot(TM) 64-Bit Server VM"/>
    <property name="localRepository" value="E:\Maven\apache-maven-3.9.6\mvn_repo"/>
    <property name="java.vendor.url.bug" value="https://bugreport.java.com/bugreport/"/>
    <property name="java.io.tmpdir" value="C:\Users\22798\AppData\Local\Temp\"/>
    <property name="idea.version" value="2024.1.2"/>
    <property name="java.version" value="17.0.9"/>
    <property name="user.dir" value="E:\Git\demo1\JavaWeb\myweb\springboot-tlias-manager"/>
    <property name="os.arch" value="amd64"/>
    <property name="java.vm.specification.name" value="Java Virtual Machine Specification"/>
    <property name="sun.os.patch.level" value=""/>
    <property name="native.encoding" value="GBK"/>
    <property name="java.library.path" value="C:\Program Files\Java\jdk-17\bin;C:\WINDOWS\Sun\Java\bin;C:\WINDOWS\system32;C:\WINDOWS;E:\VMware\bin\;C:\Program Files\Python312\Scripts\;C:\Program Files\Python312\;C:\Program Files\Java\jdk-17\bin;C:\Program Files (x86)\Common Files\Oracle\Java\javapath;C:\Windows\system32;C:\Windows;C:\Windows\System32\Wbem;C:\Windows\System32\WindowsPowerShell\v1.0\;C:\Windows\System32\OpenSSH\;C:\Program Files (x86)\NVIDIA Corporation\PhysX\Common;C:\Program Files\NVIDIA Corporation\NVIDIA NvDLISR;C:\Program Files\dotnet\;C:\WINDOWS\system32;C:\WINDOWS;C:\WINDOWS\System32\Wbem;C:\WINDOWS\System32\WindowsPowerShell\v1.0\;C:\WINDOWS\System32\OpenSSH\;C:\VSCode\MingGW\MingGW\bin;C:\Program Files\Java\jdk-17\jre\bin;\ProgramData\chocolatey\bin;E:\Windows Kits\10\Windows Performance Toolkit\;E:\nodejs\;E:\nodejs\node_global\node_modules;E:\xshell\;E:\Maven\apache-maven-3.9.6\bin;F:\mysql\mysql-8.3.0-winx64\mysql-8.3.0-winx64\bin;E:\笔记obsidian\git\Git\cmd;C:\Users\22798\AppData\Local\Microsoft\WindowsApps;E:\vscode\Microsoft VS Code\bin;C:\Users\22798\.dotnet\tools;C:\ideal\IntelliJ IDEA Community Edition 2023.1.2\bin;E:\星铁抽卡\Fiddler;C:\Users\22798\AppData\Local\GitHubDesktop\bin;E:\nodejs\node_global;;C:\Program Files\JetBrains\IntelliJ IDEA 2023.3.3\bin;;."/>
    <property name="java.vm.info" value="mixed mode, sharing"/>
    <property name="java.vendor" value="Oracle Corporation"/>
    <property name="java.vm.version" value="17.0.9+11-LTS-201"/>
    <property name="sun.io.unicode.encoding" value="UnicodeLittle"/>
    <property name="maven.repo.local" value="E:\Maven\apache-maven-3.9.6\mvn_repo"/>
    <property name="java.class.version" value="61.0"/>
  </properties>
  <testcase name="contextLoads" classname="com.jianzj.SpringbootTliasApplicationTests" time="0.016"/>
  <testcase name="testGenJWT" classname="com.jianzj.SpringbootTliasApplicationTests" time="0.246">
    <system-out><![CDATA[eyJhbGciOiJIUzI1NiJ9.eyJuYW1lIjoiVG9tIiwiaWQiOjEsImV4cCI6MTcyMTA3MTAzM30.ooNqQ7kVVrRwt9NuHXWok5ZveWg78uMtXbobdziZH4Q
]]></system-out>
  </testcase>
  <testcase name="testParseJWT" classname="com.jianzj.SpringbootTliasApplicationTests" time="0.036">
    <error message="JWT expired 426392576 milliseconds ago at 2024-07-10T19:50:41.000Z. Current time: 2024-07-15T18:17:13.576Z. Allowed clock skew: 0 milliseconds." type="io.jsonwebtoken.ExpiredJwtException"><![CDATA[io.jsonwebtoken.ExpiredJwtException: JWT expired 426392576 milliseconds ago at 2024-07-10T19:50:41.000Z. Current time: 2024-07-15T18:17:13.576Z. Allowed clock skew: 0 milliseconds.
	at io.jsonwebtoken.impl.DefaultJwtParser.parse(DefaultJwtParser.java:682)
	at io.jsonwebtoken.impl.DefaultJwtParser.parse(DefaultJwtParser.java:362)
	at io.jsonwebtoken.impl.DefaultJwtParser.parse(DefaultJwtParser.java:94)
	at io.jsonwebtoken.impl.io.AbstractParser.parse(AbstractParser.java:36)
	at io.jsonwebtoken.impl.io.AbstractParser.parse(AbstractParser.java:29)
	at io.jsonwebtoken.impl.DefaultJwtParser.parseSignedClaims(DefaultJwtParser.java:821)
	at io.jsonwebtoken.impl.DefaultJwtParser.parseClaimsJws(DefaultJwtParser.java:797)
	at com.jianzj.SpringbootTliasApplicationTests.testParseJWT(SpringbootTliasApplicationTests.java:45)
	at java.base/java.lang.reflect.Method.invoke(Method.java:568)
	at java.base/java.util.ArrayList.forEach(ArrayList.java:1511)
	at java.base/java.util.ArrayList.forEach(ArrayList.java:1511)
]]></error>
  </testcase>
</testsuite>